<?xml version="1.0" encoding="UTF-8"?>
<testsuite xmlns:xsi="http://www.w3.org/2001/XMLSchema-instance" xsi:noNamespaceSchemaLocation="https://maven.apache.org/surefire/maven-surefire-plugin/xsd/surefire-test-report-3.0.xsd" version="3.0" name="conversor.conversorTest" time="0.062" tests="3" errors="0" skipped="0" failures="0">
  <properties>
[...]
</properties>
  <testcase name="testMain" classname="conversor.conversorTest" time="0.009">
    <system-out><![CDATA[main
0,000000 grados celsius son 32,000000 grados fahrenheit]]></system-out>
  </testcase>
  <testcase name="testFahrenheitACelsius" classname="conversor.conversorTest" time="0.001">
    <system-out><![CDATA[fahrenheitACelsius
]]></system-out>
  </testcase>
  <testcase name="testCelsiusAFahrenheit" classname="conversor.conversorTest" time="0.001">
    <system-out><![CDATA[celsiusAFahrenheit
]]></system-out>
  </testcase>
</testsuite>